2024-06-21 09:35:49.410  INFO 1 --- [main] o.k.s.m.u.MsvcUsuariosApplication        : Starting MsvcUsuariosApplication v0.0.1-SNAPSHOT using Java 17-ea on 46a83ada6f3b with PID 1 (/app/msvc-usuario-0.0.1-SNAPSHOT.jar started by root in /app)
2024-06-21 09:35:49.413  INFO 1 --- [main] o.k.s.m.u.MsvcUsuariosApplication        : No active profile set, falling back to 1 default profile: "default"
2024-06-21 09:35:50.331  INFO 1 --- [main] .s.d.r.c.RepositoryConfigurationDelegate : Bootstrapping Spring Data JPA repositories in DEFAULT mode.
2024-06-21 09:35:50.395  INFO 1 --- [main] .s.d.r.c.RepositoryConfigurationDelegate : Finished Spring Data repository scanning in 54 ms. Found 1 JPA repository interfaces.
2024-06-21 09:35:50.620  INFO 1 --- [main] o.s.cloud.context.scope.GenericScope     : BeanFactory id=7b2dca69-d0de-3b97-ad39-afc1bf7a0be6
2024-06-21 09:35:51.073  INFO 1 --- [main] o.s.b.w.embedded.tomcat.TomcatWebServer  : Tomcat initialized with port(s): 8001 (http)
2024-06-21 09:35:51.083  INFO 1 --- [main] o.apache.catalina.core.StandardService   : Starting service [Tomcat]
2024-06-21 09:35:51.083  INFO 1 --- [main] org.apache.catalina.core.StandardEngine  : Starting Servlet engine: [Apache Tomcat/9.0.58]
2024-06-21 09:35:51.125  INFO 1 --- [main] o.a.c.c.C.[Tomcat].[localhost].[/]       : Initializing Spring embedded WebApplicationContext
2024-06-21 09:35:51.126  INFO 1 --- [main] w.s.c.ServletWebServerApplicationContext : Root WebApplicationContext: initialization completed in 1664 ms
2024-06-21 09:35:51.271  INFO 1 --- [main] com.zaxxer.hikari.HikariDataSource       : HikariPool-1 - Starting...
2024-06-21 09:35:51.722  INFO 1 --- [main] com.zaxxer.hikari.HikariDataSource       : HikariPool-1 - Start completed.
2024-06-21 09:35:51.768  INFO 1 --- [main] o.hibernate.jpa.internal.util.LogHelper  : HHH000204: Processing PersistenceUnitInfo [name: default]
2024-06-21 09:35:51.820  INFO 1 --- [main] org.hibernate.Version                    : HHH000412: Hibernate ORM core version 5.6.5.Final
2024-06-21 09:35:52.056  INFO 1 --- [main] o.hibernate.annotations.common.Version   : HCANN000001: Hibernate Commons Annotations {5.1.2.Final}
2024-06-21 09:35:52.225  INFO 1 --- [main] org.hibernate.dialect.Dialect            : HHH000400: Using dialect: org.hibernate.dialect.MySQL8Dialect
2024-06-21 09:35:52.909  INFO 1 --- [main] o.h.e.t.j.p.i.JtaPlatformInitiator       : HHH000490: Using JtaPlatform implementation: [org.hibernate.engine.transaction.jta.platform.internal.NoJtaPlatform]
2024-06-21 09:35:52.920  INFO 1 --- [main] j.LocalContainerEntityManagerFactoryBean : Initialized JPA EntityManagerFactory for persistence unit 'default'
2024-06-21 09:35:53.494  WARN 1 --- [main] JpaBaseConfiguration$JpaWebConfiguration : spring.jpa.open-in-view is enabled by default. Therefore, database queries may be performed during view rendering. Explicitly configure spring.jpa.open-in-view to disable this warning
2024-06-21 09:35:54.093  INFO 1 --- [main] o.s.b.w.embedded.tomcat.TomcatWebServer  : Tomcat started on port(s): 8001 (http) with context path ''
2024-06-21 09:35:54.102  INFO 1 --- [main] o.k.s.m.u.MsvcUsuariosApplication        : Started MsvcUsuariosApplication in 5.234 seconds (JVM running for 5.785)
